<?xml version="1.0" encoding="UTF-8"?>
<!-- Generated by org.testng.reporters.JUnitReportReporter -->
<testsuite hostname="DESKTOP-28GKO3F" failures="0" tests="1" name="testng.Test0" time="0.019" errors="0" timestamp="2022-10-08T08:41:34 IST" skipped="0">
  <testcase classname="testng.Test0" name="demo" time="0.019"/>
  <system-out>
    <![CDATA[Hello Selenium
Hello Java]]>
  </system-out>
</testsuite> <!-- testng.Test0 -->
