<?xml version="1.0" encoding="UTF-8"?>
<!-- Generated by org.testng.reporters.JUnitReportReporter -->
<testsuite hostname="DESKTOP-28GKO3F" failures="0" tests="1" name="testng.Testcase2" time="22.692" errors="0" timestamp="2022-10-11T13:27:47 IST" skipped="0">
  <testcase classname="testng.Testcase2" name="forgotPassword" time="22.692"/>
  <system-out>
    <![CDATA[actiTIME - Login
https://demo.actitime.com/login.do]]>
  </system-out>
</testsuite> <!-- testng.Testcase2 -->
