<?xml version="1.0" encoding="UTF-8"?>
<!-- Generated by org.testng.reporters.JUnitReportReporter -->
<testsuite hostname="DESKTOP-28GKO3F" failures="0" tests="1" name="testng.Testcase3" time="19.117" errors="0" timestamp="2022-10-11T13:27:47 IST" skipped="0">
  <testcase classname="testng.Testcase3" name="actiitmeinx" time="19.117"/>
  <system-out>
    <![CDATA[actiTIME - Login
https://demo.actitime.com/login.do]]>
  </system-out>
</testsuite> <!-- testng.Testcase3 -->
