<?xml version="1.0" encoding="UTF-8"?>
<!-- Generated by org.testng.reporters.JUnitReportReporter -->
<testsuite hostname="DESKTOP-28GKO3F" failures="0" tests="3" name="testng.Demo" time="84.120" errors="0" timestamp="2022-10-11T14:24:29 IST" skipped="0">
  <testcase classname="testng.Demo" name="tc1" time="34.467"/>
  <system-out/>
  <testcase classname="testng.Demo" name="tc1" time="28.030"/>
  <system-out/>
  <testcase classname="testng.Demo" name="tc1" time="21.623"/>
  <system-out/>
</testsuite> <!-- testng.Demo -->
